The target system is: Generic -  - seL4CPU
The host system is: Linux - 5.4.0-58-generic - x86_64
Compiling the C compiler identification source file "CMakeCCompilerId.c" succeeded.
Compiler: /usr/bin/riscv64-linux-gnu-gcc 
Build flags: 
Id flags:  

The output was:
0


Compilation of the C compiler identification source "CMakeCCompilerId.c" produced "a.out"

The C compiler identification is GNU, found in "/home/koc034/Documents/newver/graph-refine/seL4-example/target/RISCV64-MCS-O1/build/CMakeFiles/3.16.3/CompilerIdC/a.out"

Checking whether the ASM compiler is GNU using "--version" matched "(GNU assembler)|(GCC)|(Free Software Foundation)":
riscv64-linux-gnu-gcc (Ubuntu 9.3.0-17ubuntu1~20.04) 9.3.0
Copyright (C) 2019 Free Software Foundation, Inc.
This is free software; see the source for copying conditions.  There is NO
warranty; not even for MERCHANTABILITY or FITNESS FOR A PARTICULAR PURPOSE.

Determining if the C compiler works passed with the following output:
Change Dir: /home/koc034/Documents/newver/graph-refine/seL4-example/target/RISCV64-MCS-O1/build/CMakeFiles/CMakeTmp

Run Build Command(s):/usr/bin/ninja cmTC_2b1ef && [1/2] Building C object CMakeFiles/cmTC_2b1ef.dir/testCCompiler.c.obj
[2/2] Linking C static library libcmTC_2b1ef.a



Detecting C compiler ABI info compiled with the following output:
Change Dir: /home/koc034/Documents/newver/graph-refine/seL4-example/target/RISCV64-MCS-O1/build/CMakeFiles/CMakeTmp

Run Build Command(s):/usr/bin/ninja cmTC_d790d && [1/2] Building C object CMakeFiles/cmTC_d790d.dir/CMakeCCompilerABI.c.obj
Using built-in specs.
COLLECT_GCC=/usr/bin/riscv64-linux-gnu-gcc
Target: riscv64-linux-gnu
Configured with: ../src/configure -v --with-pkgversion='Ubuntu 9.3.0-17ubuntu1~20.04' --with-bugurl=file:///usr/share/doc/gcc-9/README.Bugs --enable-languages=c,ada,c++,go,d,fortran,objc,obj-c++,gm2 --prefix=/usr --with-gcc-major-version-only --program-suffix=-9 --enable-shared --enable-linker-build-id --libexecdir=/usr/lib --without-included-gettext --enable-threads=posix --libdir=/usr/lib --enable-nls --with-sysroot=/ --enable-clocale=gnu --enable-libstdcxx-debug --enable-libstdcxx-time=yes --with-default-libstdcxx-abi=new --enable-gnu-unique-object --disable-libitm --disable-libsanitizer --disable-libquadmath --disable-libquadmath-support --enable-plugin --enable-default-pie --with-system-zlib --without-target-system-zlib --enable-libpth-m2 --enable-multiarch --disable-werror --disable-multilib --with-arch=rv64imafdc --with-abi=lp64d --enable-checking=release --build=x86_64-linux-gnu --host=x86_64-linux-gnu --target=riscv64-linux-gnu --program-prefix=riscv64-linux-gnu- --includedir=/usr/riscv64-linux-gnu/include
Thread model: posix
gcc version 9.3.0 (Ubuntu 9.3.0-17ubuntu1~20.04) 
COLLECT_GCC_OPTIONS='-v' '-o' 'CMakeFiles/cmTC_d790d.dir/CMakeCCompilerABI.c.obj' '-c' '-march=rv64imafdc' '-mabi=lp64d'
 /usr/lib/gcc-cross/riscv64-linux-gnu/9/cc1 -quiet -v -imultilib . -imultiarch riscv64-linux-gnu -isysroot /home/koc034/Documents/newver/graph-refine/seL4-example/target/RISCV64-MCS-O1/build/CMakeFiles/CMakeTmp /usr/share/cmake-3.16/Modules/CMakeCCompilerABI.c -quiet -dumpbase CMakeCCompilerABI.c -march=rv64imafdc -mabi=lp64d -auxbase-strip CMakeFiles/cmTC_d790d.dir/CMakeCCompilerABI.c.obj -version -fstack-protector-strong -Wformat -Wformat-security -o /tmp/ccNOPFWR.s
GNU C17 (Ubuntu 9.3.0-17ubuntu1~20.04) version 9.3.0 (riscv64-linux-gnu)
	compiled by GNU C version 9.3.0, GMP version 6.2.0, MPFR version 4.0.2, MPC version 1.1.0, isl version isl-0.22.1-GMP

GGC heuristics: --param ggc-min-expand=100 --param ggc-min-heapsize=131072
ignoring nonexistent directory "/home/koc034/Documents/newver/graph-refine/seL4-example/target/RISCV64-MCS-O1/build/CMakeFiles/CMakeTmp/usr/local/include/riscv64-linux-gnu"
ignoring nonexistent directory "/usr/lib/gcc-cross/riscv64-linux-gnu/9/include-fixed"
ignoring nonexistent directory "/home/koc034/Documents/newver/graph-refine/seL4-example/target/RISCV64-MCS-O1/build/CMakeFiles/CMakeTmp/usr/include/riscv64-linux-gnu"
ignoring nonexistent directory "/home/koc034/Documents/newver/graph-refine/seL4-example/target/RISCV64-MCS-O1/build/CMakeFiles/CMakeTmp/usr/include"
#include "..." search starts here:
#include <...> search starts here:
 /usr/lib/gcc-cross/riscv64-linux-gnu/9/include
 /usr/lib/gcc-cross/riscv64-linux-gnu/9/../../../../riscv64-linux-gnu/include
End of search list.
GNU C17 (Ubuntu 9.3.0-17ubuntu1~20.04) version 9.3.0 (riscv64-linux-gnu)
	compiled by GNU C version 9.3.0, GMP version 6.2.0, MPFR version 4.0.2, MPC version 1.1.0, isl version isl-0.22.1-GMP

GGC heuristics: --param ggc-min-expand=100 --param ggc-min-heapsize=131072
Compiler executable checksum: 2e1dc9a9de695dd108bd709332053c0d
COLLECT_GCC_OPTIONS='-v' '-o' 'CMakeFiles/cmTC_d790d.dir/CMakeCCompilerABI.c.obj' '-c' '-march=rv64imafdc' '-mabi=lp64d'
 /usr/lib/gcc-cross/riscv64-linux-gnu/9/../../../../riscv64-linux-gnu/bin/as -v --traditional-format -fpic -march=rv64imafdc -mabi=lp64d -o CMakeFiles/cmTC_d790d.dir/CMakeCCompilerABI.c.obj /tmp/ccNOPFWR.s
GNU assembler version 2.34 (riscv64-linux-gnu) using BFD version (GNU Binutils for Ubuntu) 2.34
COMPILER_PATH=/usr/lib/gcc-cross/riscv64-linux-gnu/9/:/usr/lib/gcc-cross/riscv64-linux-gnu/9/:/usr/lib/gcc-cross/riscv64-linux-gnu/:/usr/lib/gcc-cross/riscv64-linux-gnu/9/:/usr/lib/gcc-cross/riscv64-linux-gnu/:/usr/lib/gcc-cross/riscv64-linux-gnu/9/../../../../riscv64-linux-gnu/bin/
LIBRARY_PATH=/usr/lib/gcc-cross/riscv64-linux-gnu/9/:/usr/lib/gcc-cross/riscv64-linux-gnu/9/../../../../riscv64-linux-gnu/lib/
COLLECT_GCC_OPTIONS='-v' '-o' 'CMakeFiles/cmTC_d790d.dir/CMakeCCompilerABI.c.obj' '-c' '-march=rv64imafdc' '-mabi=lp64d'
[2/2] Linking C static library libcmTC_d790d.a



Parsed C implicit include dir info from above output: rv=done
  found start of include info
  found start of implicit include info
    add: [/usr/lib/gcc-cross/riscv64-linux-gnu/9/include]
    add: [/usr/lib/gcc-cross/riscv64-linux-gnu/9/../../../../riscv64-linux-gnu/include]
  end of search list found
  collapse include dir [/usr/lib/gcc-cross/riscv64-linux-gnu/9/include] ==> [/usr/lib/gcc-cross/riscv64-linux-gnu/9/include]
  collapse include dir [/usr/lib/gcc-cross/riscv64-linux-gnu/9/../../../../riscv64-linux-gnu/include] ==> [/usr/riscv64-linux-gnu/include]
  implicit include dirs: [/usr/lib/gcc-cross/riscv64-linux-gnu/9/include;/usr/riscv64-linux-gnu/include]


Parsed C implicit link information from above output:
  link line regex: [^( *|.*[/\])(riscv64-linux-gnu-ld|CMAKE_LINK_STARTFILE-NOTFOUND|([^/\]+-)?ld|collect2)[^/\]*( |$)]
  ignore line: [Change Dir: /home/koc034/Documents/newver/graph-refine/seL4-example/target/RISCV64-MCS-O1/build/CMakeFiles/CMakeTmp]
  ignore line: []
  ignore line: [Run Build Command(s):/usr/bin/ninja cmTC_d790d && [1/2] Building C object CMakeFiles/cmTC_d790d.dir/CMakeCCompilerABI.c.obj]
  ignore line: [Using built-in specs.]
  ignore line: [COLLECT_GCC=/usr/bin/riscv64-linux-gnu-gcc]
  ignore line: [Target: riscv64-linux-gnu]
  ignore line: [Configured with: ../src/configure -v --with-pkgversion='Ubuntu 9.3.0-17ubuntu1~20.04' --with-bugurl=file:///usr/share/doc/gcc-9/README.Bugs --enable-languages=c ada c++ go d fortran objc obj-c++ gm2 --prefix=/usr --with-gcc-major-version-only --program-suffix=-9 --enable-shared --enable-linker-build-id --libexecdir=/usr/lib --without-included-gettext --enable-threads=posix --libdir=/usr/lib --enable-nls --with-sysroot=/ --enable-clocale=gnu --enable-libstdcxx-debug --enable-libstdcxx-time=yes --with-default-libstdcxx-abi=new --enable-gnu-unique-object --disable-libitm --disable-libsanitizer --disable-libquadmath --disable-libquadmath-support --enable-plugin --enable-default-pie --with-system-zlib --without-target-system-zlib --enable-libpth-m2 --enable-multiarch --disable-werror --disable-multilib --with-arch=rv64imafdc --with-abi=lp64d --enable-checking=release --build=x86_64-linux-gnu --host=x86_64-linux-gnu --target=riscv64-linux-gnu --program-prefix=riscv64-linux-gnu- --includedir=/usr/riscv64-linux-gnu/include]
  ignore line: [Thread model: posix]
  ignore line: [gcc version 9.3.0 (Ubuntu 9.3.0-17ubuntu1~20.04) ]
  ignore line: [COLLECT_GCC_OPTIONS='-v' '-o' 'CMakeFiles/cmTC_d790d.dir/CMakeCCompilerABI.c.obj' '-c' '-march=rv64imafdc' '-mabi=lp64d']
  ignore line: [ /usr/lib/gcc-cross/riscv64-linux-gnu/9/cc1 -quiet -v -imultilib . -imultiarch riscv64-linux-gnu -isysroot /home/koc034/Documents/newver/graph-refine/seL4-example/target/RISCV64-MCS-O1/build/CMakeFiles/CMakeTmp /usr/share/cmake-3.16/Modules/CMakeCCompilerABI.c -quiet -dumpbase CMakeCCompilerABI.c -march=rv64imafdc -mabi=lp64d -auxbase-strip CMakeFiles/cmTC_d790d.dir/CMakeCCompilerABI.c.obj -version -fstack-protector-strong -Wformat -Wformat-security -o /tmp/ccNOPFWR.s]
  ignore line: [GNU C17 (Ubuntu 9.3.0-17ubuntu1~20.04) version 9.3.0 (riscv64-linux-gnu)]
  ignore line: [	compiled by GNU C version 9.3.0  GMP version 6.2.0  MPFR version 4.0.2  MPC version 1.1.0  isl version isl-0.22.1-GMP]
  ignore line: []
  ignore line: [GGC heuristics: --param ggc-min-expand=100 --param ggc-min-heapsize=131072]
  ignore line: [ignoring nonexistent directory "/home/koc034/Documents/newver/graph-refine/seL4-example/target/RISCV64-MCS-O1/build/CMakeFiles/CMakeTmp/usr/local/include/riscv64-linux-gnu"]
  ignore line: [ignoring nonexistent directory "/usr/lib/gcc-cross/riscv64-linux-gnu/9/include-fixed"]
  ignore line: [ignoring nonexistent directory "/home/koc034/Documents/newver/graph-refine/seL4-example/target/RISCV64-MCS-O1/build/CMakeFiles/CMakeTmp/usr/include/riscv64-linux-gnu"]
  ignore line: [ignoring nonexistent directory "/home/koc034/Documents/newver/graph-refine/seL4-example/target/RISCV64-MCS-O1/build/CMakeFiles/CMakeTmp/usr/include"]
  ignore line: [#include "..." search starts here:]
  ignore line: [#include <...> search starts here:]
  ignore line: [ /usr/lib/gcc-cross/riscv64-linux-gnu/9/include]
  ignore line: [ /usr/lib/gcc-cross/riscv64-linux-gnu/9/../../../../riscv64-linux-gnu/include]
  ignore line: [End of search list.]
  ignore line: [GNU C17 (Ubuntu 9.3.0-17ubuntu1~20.04) version 9.3.0 (riscv64-linux-gnu)]
  ignore line: [	compiled by GNU C version 9.3.0  GMP version 6.2.0  MPFR version 4.0.2  MPC version 1.1.0  isl version isl-0.22.1-GMP]
  ignore line: []
  ignore line: [GGC heuristics: --param ggc-min-expand=100 --param ggc-min-heapsize=131072]
  ignore line: [Compiler executable checksum: 2e1dc9a9de695dd108bd709332053c0d]
  ignore line: [COLLECT_GCC_OPTIONS='-v' '-o' 'CMakeFiles/cmTC_d790d.dir/CMakeCCompilerABI.c.obj' '-c' '-march=rv64imafdc' '-mabi=lp64d']
  ignore line: [ /usr/lib/gcc-cross/riscv64-linux-gnu/9/../../../../riscv64-linux-gnu/bin/as -v --traditional-format -fpic -march=rv64imafdc -mabi=lp64d -o CMakeFiles/cmTC_d790d.dir/CMakeCCompilerABI.c.obj /tmp/ccNOPFWR.s]
  ignore line: [GNU assembler version 2.34 (riscv64-linux-gnu) using BFD version (GNU Binutils for Ubuntu) 2.34]
  ignore line: [COMPILER_PATH=/usr/lib/gcc-cross/riscv64-linux-gnu/9/:/usr/lib/gcc-cross/riscv64-linux-gnu/9/:/usr/lib/gcc-cross/riscv64-linux-gnu/:/usr/lib/gcc-cross/riscv64-linux-gnu/9/:/usr/lib/gcc-cross/riscv64-linux-gnu/:/usr/lib/gcc-cross/riscv64-linux-gnu/9/../../../../riscv64-linux-gnu/bin/]
  ignore line: [LIBRARY_PATH=/usr/lib/gcc-cross/riscv64-linux-gnu/9/:/usr/lib/gcc-cross/riscv64-linux-gnu/9/../../../../riscv64-linux-gnu/lib/]
  ignore line: [COLLECT_GCC_OPTIONS='-v' '-o' 'CMakeFiles/cmTC_d790d.dir/CMakeCCompilerABI.c.obj' '-c' '-march=rv64imafdc' '-mabi=lp64d']
  ignore line: [[2/2] Linking C static library libcmTC_d790d.a]
  ignore line: []
  ignore line: []
  implicit libs: []
  implicit dirs: []
  implicit fwks: []


